[debug] [2021-09-03T15:59:17.505Z] ----------------------------------------------------------------------
[debug] [2021-09-03T15:59:17.508Z] Command:       C:\Program Files\nodejs\node.exe C:\Angular\firestore\node_modules\firebase-tools\lib\bin\firebase.js deploy --only hosting --project products-prod-daf8d --debug
[debug] [2021-09-03T15:59:17.509Z] CLI Version:   9.16.6
[debug] [2021-09-03T15:59:17.509Z] Platform:      win32
[debug] [2021-09-03T15:59:17.509Z] Node Version:  v14.17.5
[debug] [2021-09-03T15:59:17.510Z] Time:          Fri Sep 03 2021 12:59:17 GMT-0300 (Horário Padrão de Brasília)
[debug] [2021-09-03T15:59:17.510Z] ----------------------------------------------------------------------
[debug] 
[debug] [2021-09-03T15:59:17.610Z] > command requires scopes: ["email","openid","https://www.googleapis.com/auth/cloudplatformprojects.readonly","https://www.googleapis.com/auth/firebase","https://www.googleapis.com/auth/cloud-platform"]
[debug] [2021-09-03T15:59:17.613Z] > authorizing via signed-in user (giovane.rt347@gmail.com)
[debug] [2021-09-03T15:59:17.614Z] [iam] checking project products-prod-daf8d for permissions ["firebase.projects.get","firebasehosting.sites.update"]
[debug] [2021-09-03T15:59:17.617Z] > refreshing access token with scopes: ["email","https://www.googleapis.com/auth/cloud-platform","https://www.googleapis.com/auth/cloudplatformprojects.readonly","https://www.googleapis.com/auth/firebase","openid"]
[debug] [2021-09-03T15:59:17.618Z] >>> HTTP REQUEST POST https://www.googleapis.com/oauth2/v3/token  
 <request body omitted>
[debug] [2021-09-03T15:59:17.873Z] <<< HTTP RESPONSE 200 {"cache-control":"no-cache, no-store, max-age=0, must-revalidate","pragma":"no-cache","date":"Fri, 03 Sep 2021 15:59:18 GMT","expires":"Mon, 01 Jan 1990 00:00:00 GMT","content-type":"application/json; charset=utf-8","vary":"X-Origin, Referer, Origin,Accept-Encoding","server":"scaffolding on HTTPServer2","x-xss-protection":"0","x-frame-options":"SAMEORIGIN","x-content-type-options":"nosniff","alt-svc":"h3=\":443\"; ma=2592000,h3-29=\":443\"; ma=2592000,h3-T051=\":443\"; ma=2592000,h3-Q050=\":443\"; ma=2592000,h3-Q046=\":443\"; ma=2592000,h3-Q043=\":443\"; ma=2592000,quic=\":443\"; ma=2592000; v=\"46,43\"","accept-ranges":"none","transfer-encoding":"chunked"}
[debug] [2021-09-03T15:59:17.903Z] >>> HTTP REQUEST POST https://cloudresourcemanager.googleapis.com/v1/projects/products-prod-daf8d:testIamPermissions  
 {"permissions":["firebase.projects.get","firebasehosting.sites.update"]}
[debug] [2021-09-03T15:59:18.823Z] <<< HTTP RESPONSE 200 {"content-type":"application/json; charset=UTF-8","vary":"X-Origin, Referer, Origin,Accept-Encoding","date":"Fri, 03 Sep 2021 15:59:19 GMT","server":"ESF","cache-control":"private","x-xss-protection":"0","x-frame-options":"SAMEORIGIN","x-content-type-options":"nosniff","server-timing":"gfet4t7; dur=724","alt-svc":"h3=\":443\"; ma=2592000,h3-29=\":443\"; ma=2592000,h3-T051=\":443\"; ma=2592000,h3-Q050=\":443\"; ma=2592000,h3-Q046=\":443\"; ma=2592000,h3-Q043=\":443\"; ma=2592000,quic=\":443\"; ma=2592000; v=\"46,43\"","accept-ranges":"none","transfer-encoding":"chunked"}
[debug] [2021-09-03T15:59:18.834Z] > refreshing access token with scopes: []
[debug] [2021-09-03T15:59:18.836Z] >>> HTTP REQUEST POST https://www.googleapis.com/oauth2/v3/token  
 <request body omitted>
[debug] [2021-09-03T15:59:19.005Z] <<< HTTP RESPONSE 200 {"date":"Fri, 03 Sep 2021 15:59:19 GMT","expires":"Mon, 01 Jan 1990 00:00:00 GMT","pragma":"no-cache","cache-control":"no-cache, no-store, max-age=0, must-revalidate","content-type":"application/json; charset=utf-8","vary":"X-Origin, Referer, Origin,Accept-Encoding","server":"scaffolding on HTTPServer2","x-xss-protection":"0","x-frame-options":"SAMEORIGIN","x-content-type-options":"nosniff","alt-svc":"h3=\":443\"; ma=2592000,h3-29=\":443\"; ma=2592000,h3-T051=\":443\"; ma=2592000,h3-Q050=\":443\"; ma=2592000,h3-Q046=\":443\"; ma=2592000,h3-Q043=\":443\"; ma=2592000,quic=\":443\"; ma=2592000; v=\"46,43\"","accept-ranges":"none","transfer-encoding":"chunked"}
[debug] [2021-09-03T15:59:19.057Z] >>> [apiv2][query] GET https://firebase.googleapis.com/v1beta1/projects/products-prod-daf8d [none]
[debug] [2021-09-03T15:59:19.548Z] <<< [apiv2][status] GET https://firebase.googleapis.com/v1beta1/projects/products-prod-daf8d 200
[debug] [2021-09-03T15:59:19.549Z] <<< [apiv2][body] GET https://firebase.googleapis.com/v1beta1/projects/products-prod-daf8d {"projectId":"products-prod-daf8d","projectNumber":"199563251168","displayName":"products-prod","name":"projects/products-prod-daf8d","resources":{"hostingSite":"products-prod-daf8d","storageBucket":"products-prod-daf8d.appspot.com","locationId":"us-central"},"state":"ACTIVE"}
[info] 
[info] === Deploying to 'products-prod-daf8d'...
[info] 
[info] i  deploying hosting 
[debug] [2021-09-03T15:59:19.562Z] > refreshing access token with scopes: ["email","https://www.googleapis.com/auth/cloud-platform","https://www.googleapis.com/auth/cloudplatformprojects.readonly","https://www.googleapis.com/auth/firebase","openid"]
[debug] [2021-09-03T15:59:19.563Z] >>> HTTP REQUEST POST https://www.googleapis.com/oauth2/v3/token  
 <request body omitted>
[debug] [2021-09-03T15:59:19.745Z] <<< HTTP RESPONSE 200 {"expires":"Mon, 01 Jan 1990 00:00:00 GMT","date":"Fri, 03 Sep 2021 15:59:20 GMT","cache-control":"no-cache, no-store, max-age=0, must-revalidate","pragma":"no-cache","content-type":"application/json; charset=utf-8","vary":"X-Origin, Referer, Origin,Accept-Encoding","server":"scaffolding on HTTPServer2","x-xss-protection":"0","x-frame-options":"SAMEORIGIN","x-content-type-options":"nosniff","alt-svc":"h3=\":443\"; ma=2592000,h3-29=\":443\"; ma=2592000,h3-T051=\":443\"; ma=2592000,h3-Q050=\":443\"; ma=2592000,h3-Q046=\":443\"; ma=2592000,h3-Q043=\":443\"; ma=2592000,quic=\":443\"; ma=2592000; v=\"46,43\"","accept-ranges":"none","transfer-encoding":"chunked"}
[debug] [2021-09-03T15:59:19.779Z] >>> HTTP REQUEST POST https://firebasehosting.googleapis.com/v1beta1/sites/products-prod-daf8d/versions  
 {"config":{"rewrites":[{"glob":"**","path":"/index.html"}]},"labels":{"deployment-tool":"cli-firebase"}}
[debug] [2021-09-03T15:59:21.446Z] <<< HTTP RESPONSE 200 {"content-type":"application/json; charset=UTF-8","vary":"X-Origin, Referer, Origin,Accept-Encoding","date":"Fri, 03 Sep 2021 15:59:21 GMT","server":"ESF","cache-control":"private","x-xss-protection":"0","x-frame-options":"SAMEORIGIN","x-content-type-options":"nosniff","alt-svc":"h3=\":443\"; ma=2592000,h3-29=\":443\"; ma=2592000,h3-T051=\":443\"; ma=2592000,h3-Q050=\":443\"; ma=2592000,h3-Q046=\":443\"; ma=2592000,h3-Q043=\":443\"; ma=2592000,quic=\":443\"; ma=2592000; v=\"46,43\"","accept-ranges":"none","transfer-encoding":"chunked"}
[info] i  hosting[products-prod-daf8d]: beginning deploy... 
[info] i  hosting[products-prod-daf8d]: found 8 files in dist/firestore 
[debug] [2021-09-03T15:59:21.481Z] > refreshing access token with scopes: []
[debug] [2021-09-03T15:59:21.482Z] >>> HTTP REQUEST POST https://www.googleapis.com/oauth2/v3/token  
 <request body omitted>
[debug] [2021-09-03T15:59:21.485Z] [hosting] hash cache [ZGlzdFxmaXJlc3RvcmU] stored for 8 files
[debug] [2021-09-03T15:59:21.486Z] [hosting][hash queue][FINAL] {"max":1,"min":0,"avg":0,"active":0,"complete":8,"success":8,"errored":0,"retried":0,"total":8,"elapsed":8}
[debug] [2021-09-03T15:59:21.710Z] <<< HTTP RESPONSE 200 {"date":"Fri, 03 Sep 2021 15:59:21 GMT","expires":"Mon, 01 Jan 1990 00:00:00 GMT","cache-control":"no-cache, no-store, max-age=0, must-revalidate","pragma":"no-cache","content-type":"application/json; charset=utf-8","vary":"X-Origin, Referer, Origin,Accept-Encoding","server":"scaffolding on HTTPServer2","x-xss-protection":"0","x-frame-options":"SAMEORIGIN","x-content-type-options":"nosniff","alt-svc":"h3=\":443\"; ma=2592000,h3-29=\":443\"; ma=2592000,h3-T051=\":443\"; ma=2592000,h3-Q050=\":443\"; ma=2592000,h3-Q046=\":443\"; ma=2592000,h3-Q043=\":443\"; ma=2592000,quic=\":443\"; ma=2592000; v=\"46,43\"","accept-ranges":"none","transfer-encoding":"chunked"}
[debug] [2021-09-03T15:59:21.783Z] >>> [apiv2][query] POST https://firebasehosting.googleapis.com/v1beta1/sites/products-prod-daf8d/versions/d687ae9d22d1f962:populateFiles [none]
[debug] [2021-09-03T15:59:21.783Z] >>> [apiv2][body] POST https://firebasehosting.googleapis.com/v1beta1/sites/products-prod-daf8d/versions/d687ae9d22d1f962:populateFiles {"files":{"/3rdpartylicenses.txt":"100f6cd53d5d7b23efa955950b70d3d759bb9d53154853b784cb0b7aacfd12d5","/4.9b40f757dde50b66f0e4.js":"43eb751767937718cf44fa99cde0343a39702164e1a51567319be6d7b9266bbc","/favicon.ico":"2c19690e9587bae12f419b34d2edeecc76808099540a9c9f4ea6194116cfc8f7","/index.html":"7a4a628f0a55173552757e2e1fc07e9ac74286e5f41171d80647867a02e737cb","/main.61409882e513259d79f0.js":"bab9f2c6c777173b2ca6dca46b5864d0622fe9633cfcf24ba3c73a299387a79f","/polyfills.94daefd414b8355106ab.js":"c0168f36ab2ddde839666ffca72ff298a01ce2a355b723c1e1562d98046b70dd","/runtime.5cb29e7d1e1b52d60167.js":"ebca27293eb8b49d21cb59caa4866c4b264b39f5b864e22ab82146a25d0494cb","/styles.4d1e9542005c166fb561.css":"038d6f2606bb8dde83fed5b6381126b3ea0e714dacb24e2d2317c84ec7292746"}}
[debug] [2021-09-03T15:59:23.035Z] <<< [apiv2][status] POST https://firebasehosting.googleapis.com/v1beta1/sites/products-prod-daf8d/versions/d687ae9d22d1f962:populateFiles 200
[debug] [2021-09-03T15:59:23.036Z] <<< [apiv2][body] POST https://firebasehosting.googleapis.com/v1beta1/sites/products-prod-daf8d/versions/d687ae9d22d1f962:populateFiles {"uploadUrl":"https://upload-firebasehosting.googleapis.com/upload/sites/products-prod-daf8d/versions/d687ae9d22d1f962/files"}
[debug] [2021-09-03T15:59:23.043Z] [hosting][populate queue][FINAL] {"max":1562,"min":1562,"avg":1562,"active":0,"complete":1,"success":1,"errored":0,"retried":0,"total":1,"elapsed":1562}
[debug] [2021-09-03T15:59:23.045Z] [hosting] uploads queued: 0
[debug] [2021-09-03T15:59:23.046Z] [hosting][upload queue][FINAL] {"max":0,"min":9999999999,"avg":0,"active":0,"complete":0,"success":0,"errored":0,"retried":0,"total":0,"elapsed":1630684763046}
[info] +  hosting[products-prod-daf8d]: file upload complete 
[debug] [2021-09-03T15:59:23.051Z] [hosting] deploy completed after 1597ms
[debug] [2021-09-03T15:59:23.055Z] [
  {
    "config": {
      "public": "dist/firestore",
      "ignore": [
        "firebase.json",
        "**/.*",
        "**/node_modules/**"
      ],
      "rewrites": [
        {
          "source": "**",
          "destination": "/index.html"
        }
      ],
      "site": "products-prod-daf8d"
    },
    "site": "products-prod-daf8d",
    "version": "sites/products-prod-daf8d/versions/d687ae9d22d1f962"
  }
]
[info] i  hosting[products-prod-daf8d]: finalizing version... 
[debug] [2021-09-03T15:59:23.058Z] > refreshing access token with scopes: ["email","https://www.googleapis.com/auth/cloud-platform","https://www.googleapis.com/auth/cloudplatformprojects.readonly","https://www.googleapis.com/auth/firebase","openid"]
[debug] [2021-09-03T15:59:23.059Z] >>> HTTP REQUEST POST https://www.googleapis.com/oauth2/v3/token  
 <request body omitted>
[debug] [2021-09-03T15:59:23.258Z] <<< HTTP RESPONSE 200 {"date":"Fri, 03 Sep 2021 15:59:23 GMT","cache-control":"no-cache, no-store, max-age=0, must-revalidate","pragma":"no-cache","expires":"Mon, 01 Jan 1990 00:00:00 GMT","content-type":"application/json; charset=utf-8","vary":"X-Origin, Referer, Origin,Accept-Encoding","server":"scaffolding on HTTPServer2","x-xss-protection":"0","x-frame-options":"SAMEORIGIN","x-content-type-options":"nosniff","alt-svc":"h3=\":443\"; ma=2592000,h3-29=\":443\"; ma=2592000,h3-T051=\":443\"; ma=2592000,h3-Q050=\":443\"; ma=2592000,h3-Q046=\":443\"; ma=2592000,h3-Q043=\":443\"; ma=2592000,quic=\":443\"; ma=2592000; v=\"46,43\"","accept-ranges":"none","transfer-encoding":"chunked"}
[debug] [2021-09-03T15:59:23.288Z] >>> HTTP REQUEST PATCH https://firebasehosting.googleapis.com/v1beta1/sites/products-prod-daf8d/versions/d687ae9d22d1f962?updateMask=status  
 {"status":"FINALIZED"}
[debug] [2021-09-03T15:59:24.546Z] <<< HTTP RESPONSE 200 {"content-type":"application/json; charset=UTF-8","vary":"X-Origin, Referer, Origin,Accept-Encoding","date":"Fri, 03 Sep 2021 15:59:24 GMT","server":"ESF","cache-control":"private","x-xss-protection":"0","x-frame-options":"SAMEORIGIN","x-content-type-options":"nosniff","alt-svc":"h3=\":443\"; ma=2592000,h3-29=\":443\"; ma=2592000,h3-T051=\":443\"; ma=2592000,h3-Q050=\":443\"; ma=2592000,h3-Q046=\":443\"; ma=2592000,h3-Q043=\":443\"; ma=2592000,quic=\":443\"; ma=2592000; v=\"46,43\"","accept-ranges":"none","transfer-encoding":"chunked"}
[debug] [2021-09-03T15:59:24.549Z] [hosting] finalized version for products-prod-daf8d: {"name":"sites/products-prod-daf8d/versions/d687ae9d22d1f962","status":"FINALIZED","config":{"rewrites":[{"glob":"**","path":"/index.html"}]},"labels":{"deployment-tool":"cli-firebase"},"createTime":"2021-09-03T15:59:21.006696Z","createUser":{"email":"giovane.rt347@gmail.com"},"finalizeTime":"2021-09-03T15:59:24.744253Z","finalizeUser":{"email":"giovane.rt347@gmail.com"}}
[info] +  hosting[products-prod-daf8d]: version finalized 
[info] i  hosting[products-prod-daf8d]: releasing new version... 
[debug] [2021-09-03T15:59:24.562Z] >>> HTTP REQUEST POST https://firebasehosting.googleapis.com/v1beta1/sites/products-prod-daf8d/releases?version_name=sites/products-prod-daf8d/versions/d687ae9d22d1f962  
 {"message":null}
[debug] [2021-09-03T15:59:25.782Z] <<< HTTP RESPONSE 200 {"content-type":"application/json; charset=UTF-8","vary":"X-Origin, Referer, Origin,Accept-Encoding","date":"Fri, 03 Sep 2021 15:59:26 GMT","server":"ESF","cache-control":"private","x-xss-protection":"0","x-frame-options":"SAMEORIGIN","x-content-type-options":"nosniff","alt-svc":"h3=\":443\"; ma=2592000,h3-29=\":443\"; ma=2592000,h3-T051=\":443\"; ma=2592000,h3-Q050=\":443\"; ma=2592000,h3-Q046=\":443\"; ma=2592000,h3-Q043=\":443\"; ma=2592000,quic=\":443\"; ma=2592000; v=\"46,43\"","accept-ranges":"none","transfer-encoding":"chunked"}
